-------------------------------------------------------------------------------
Test set: com.example.junit5.test.springboot.ApplicationTest
-------------------------------------------------------------------------------
Tests run: 1, Failures: 1, Errors: 0, Skipped: 0, Time elapsed: 1.863 s <<< FAILURE! - in com.example.junit5.test.springboot.ApplicationTest
testGetControllerContent  Time elapsed: 0.131 s  <<< FAILURE!
org.opentest4j.AssertionFailedError: expected: <JUnit and Spring Boot Example.> but was: <JUnit5 and Spring Boot Example.>
	at com.example.junit5.test.springboot.ApplicationTest.testGetControllerContent(ApplicationTest.java:36)

