<?xml version="1.0" encoding="UTF-8"?>
<testsuite xmlns:xsi="http://www.w3.org/2001/XMLSchema-instance" xsi:noNamespaceSchemaLocation="https://maven.apache.org/surefire/maven-surefire-plugin/xsd/surefire-test-report.xsd" name="com.example.junit5.test.assertions.StringUtilsTest" time="0" tests="6" errors="0" skipped="0" failures="0">
  <properties>
[...]
</properties>
  <testcase name="testConvertToDoubleWithNullArgument" classname="com.example.junit5.test.assertions.StringUtilsTest" time="0"/>
  <testcase name="testGetDefaultIfNull" classname="com.example.junit5.test.assertions.StringUtilsTest" time="0"/>
  <testcase name="testConvertToDoubleThrowException" classname="com.example.junit5.test.assertions.StringUtilsTest" time="0"/>
  <testcase name="testIsNullOrBlank" classname="com.example.junit5.test.assertions.StringUtilsTest" time="0"/>
  <testcase name="testConcatWithRegularInput" classname="com.example.junit5.test.assertions.StringUtilsTest" time="0"/>
  <testcase name="testConcatWithNullInput" classname="com.example.junit5.test.assertions.StringUtilsTest" time="0"/>
</testsuite>